<?xml version="1.0" encoding="UTF-8"?>
<testng-results ignored="0" total="2" passed="2" failed="0" skipped="0">
  <reporter-output>
  </reporter-output>
  <suite started-at="2025-05-02T12:41:56 IST" name="Suite" finished-at="2025-05-02T12:42:13 IST" duration-ms="17692">
    <groups>
      <group name="Master">
        <method signature="TC001_AccountRegistrationTest.verifyAccountRegistration()[pri:0, instance:testCases.TC001_AccountRegistrationTest@5827af16]" name="verifyAccountRegistration" class="testCases.TC001_AccountRegistrationTest"/>
        <method signature="TC001_AccountRegistrationTest.verifyAccountRegistration()[pri:0, instance:testCases.TC001_AccountRegistrationTest@47404bea]" name="verifyAccountRegistration" class="testCases.TC001_AccountRegistrationTest"/>
      </group> <!-- Master -->
      <group name="Sanity">
        <method signature="TC001_AccountRegistrationTest.verifyAccountRegistration()[pri:0, instance:testCases.TC001_AccountRegistrationTest@5827af16]" name="verifyAccountRegistration" class="testCases.TC001_AccountRegistrationTest"/>
        <method signature="TC001_AccountRegistrationTest.verifyAccountRegistration()[pri:0, instance:testCases.TC001_AccountRegistrationTest@47404bea]" name="verifyAccountRegistration" class="testCases.TC001_AccountRegistrationTest"/>
      </group> <!-- Sanity -->
    </groups>
    <test started-at="2025-05-02T12:41:56 IST" name="firefox" finished-at="2025-05-02T12:42:06 IST" duration-ms="10037">
      <class name="testCases.TC001_AccountRegistrationTest">
        <test-method is-config="true" signature="setup(java.lang.String,java.lang.String)[pri:0, instance:testCases.TC001_AccountRegistrationTest@5827af16]" started-at="2025-05-02T12:41:56 IST" name="setup" finished-at="2025-05-02T12:42:02 IST" duration-ms="6020" status="PASS">
          <params>
            <param index="0">
              <value>
                <![CDATA[firefox]]>
              </value>
            </param>
            <param index="1">
              <value>
                <![CDATA[linux]]>
              </value>
            </param>
          </params>
          <reporter-output>
          </reporter-output>
        </test-method> <!-- setup -->
        <test-method signature="verifyAccountRegistration()[pri:0, instance:testCases.TC001_AccountRegistrationTest@5827af16]" started-at="2025-05-02T12:42:02 IST" name="verifyAccountRegistration" finished-at="2025-05-02T12:42:05 IST" duration-ms="2945" status="PASS">
          <reporter-output>
          </reporter-output>
        </test-method> <!-- verifyAccountRegistration -->
        <test-method is-config="true" signature="teardown()[pri:0, instance:testCases.TC001_AccountRegistrationTest@5827af16]" started-at="2025-05-02T12:42:05 IST" name="teardown" finished-at="2025-05-02T12:42:06 IST" duration-ms="824" status="PASS">
          <reporter-output>
          </reporter-output>
        </test-method> <!-- teardown -->
      </class> <!-- testCases.TC001_AccountRegistrationTest -->
    </test> <!-- firefox -->
    <test started-at="2025-05-02T12:42:07 IST" name="chrome" finished-at="2025-05-02T12:42:13 IST" duration-ms="5855">
      <class name="testCases.TC001_AccountRegistrationTest">
        <test-method is-config="true" signature="setup(java.lang.String,java.lang.String)[pri:0, instance:testCases.TC001_AccountRegistrationTest@47404bea]" started-at="2025-05-02T12:42:07 IST" name="setup" finished-at="2025-05-02T12:42:10 IST" duration-ms="2890" status="PASS">
          <params>
            <param index="0">
              <value>
                <![CDATA[chrome]]>
              </value>
            </param>
            <param index="1">
              <value>
                <![CDATA[linux]]>
              </value>
            </param>
          </params>
          <reporter-output>
          </reporter-output>
        </test-method> <!-- setup -->
        <test-method signature="verifyAccountRegistration()[pri:0, instance:testCases.TC001_AccountRegistrationTest@47404bea]" started-at="2025-05-02T12:42:10 IST" name="verifyAccountRegistration" finished-at="2025-05-02T12:42:13 IST" duration-ms="2872" status="PASS">
          <reporter-output>
          </reporter-output>
        </test-method> <!-- verifyAccountRegistration -->
        <test-method is-config="true" signature="teardown()[pri:0, instance:testCases.TC001_AccountRegistrationTest@47404bea]" started-at="2025-05-02T12:42:13 IST" name="teardown" finished-at="2025-05-02T12:42:13 IST" duration-ms="88" status="PASS">
          <reporter-output>
          </reporter-output>
        </test-method> <!-- teardown -->
      </class> <!-- testCases.TC001_AccountRegistrationTest -->
    </test> <!-- chrome -->
  </suite> <!-- Suite -->
</testng-results>
