<?xml version="1.0" encoding="UTF-8"?>
<!-- Generated by org.testng.reporters.JUnitReportReporter -->
<testsuite hostname="Hunter" failures="0" tests="2" name="testCases.TC001_AccountRegistrationTest" time="5.982" errors="0" timestamp="2025-05-02T12:51:42 IST" skipped="0">
  <testcase classname="testCases.TC001_AccountRegistrationTest" name="verifyAccountRegistration" time="2.878"/>
  <system-out/>
  <testcase classname="testCases.TC001_AccountRegistrationTest" name="verifyAccountRegistration" time="3.104"/>
  <system-out/>
</testsuite> <!-- testCases.TC001_AccountRegistrationTest -->
